\BOOKMARK [1][-]{section.1}{\376\377\137\025\212\000}{}% 1
\BOOKMARK [2][-]{subsection.1.1}{\376\377\170\024\172\166\200\314\146\157}{section.1}% 2
\BOOKMARK [2][-]{subsection.1.2}{\376\377\225\356\230\230\226\110\217\360}{section.1}% 3
\BOOKMARK [1][-]{section.2}{\376\377\166\370\121\163\135\345\117\134}{}% 4
\BOOKMARK [2][-]{subsection.2.1}{\376\377\145\160\143\156\116\055\137\303\203\003\137\017\116\016\145\160\143\156\215\050\221\317\136\372\152\041}{section.2}% 5
\BOOKMARK [2][-]{subsection.2.2}{\376\377\116\015\136\163\210\141\116\016\131\032\156\220\145\160\143\156\166\204\221\307\150\067\173\126\165\145}{section.2}% 6
\BOOKMARK [2][-]{subsection.2.3}{\376\377\123\273\221\315\060\001\217\321\117\074\123\071\221\115\116\016\213\304\155\113\154\304\157\017\230\316\226\151\143\247\122\066}{section.2}% 7
\BOOKMARK [1][-]{section.3}{\376\377\145\160\143\156\226\306\162\171\137\201\116\016\225\356\230\230\213\312\145\255}{}% 8
\BOOKMARK [2][-]{subsection.3.1}{\376\377\211\304\152\041\176\323\147\204\116\016\116\373\122\241\137\002\147\204\140\047}{section.3}% 9
\BOOKMARK [2][-]{subsection.3.2}{\376\377\176\337\213\241\123\343\137\204}{section.3}% 10
\BOOKMARK [2][-]{subsection.3.3}{\376\377\145\160\143\156\215\050\221\317\213\312\145\255}{section.3}% 11
\BOOKMARK [1][-]{section.4}{\376\377\131\047\211\304\152\041\230\204\131\004\164\006\116\016\122\006\134\102\221\307\150\067\147\266\147\204}{}% 12
\BOOKMARK [2][-]{subsection.4.1}{\376\377\122\027\137\017\133\130\120\250\217\154\143\142}{section.4}% 13
\BOOKMARK [2][-]{subsection.4.2}{\376\377\155\101\137\017\142\153\143\317\116\016\121\205\133\130\230\204\173\227\143\247\122\066}{section.4}% 14
\BOOKMARK [2][-]{subsection.4.3}{\376\377\217\321\117\074\123\273\221\315}{section.4}% 15
\BOOKMARK [2][-]{subsection.4.4}{\376\377\225\177\136\246\141\037\167\345\122\250\140\001\122\006\134\102\221\307\150\067\377\010\000L\000A\000D\000S\377\011}{section.4}% 16
\BOOKMARK [1][-]{section.5}{\376\377\133\236\232\214\213\276\177\156\116\016\176\323\147\234\122\006\147\220}{}% 17
\BOOKMARK [2][-]{subsection.5.1}{\376\377\133\236\232\214\213\276\177\156}{section.5}% 18
\BOOKMARK [2][-]{subsection.5.2}{\376\377\225\177\136\246\122\006\136\003\116\016\137\002\147\204\140\047\122\006\147\220}{section.5}% 19
\BOOKMARK [2][-]{subsection.5.3}{\376\377\221\307\150\067\173\126\165\145\133\371\153\324}{section.5}% 20
\BOOKMARK [2][-]{subsection.5.4}{\376\377\174\373\176\337\124\036\124\020\116\016\000\040\000I\000/\000O\000\040\137\161\124\315}{section.5}% 21
\BOOKMARK [2][-]{subsection.5.5}{\376\377\221\307\150\067\122\006\221\115\116\016\213\255\176\303\117\341\123\367}{section.5}% 22
\BOOKMARK [1][-]{section.6}{\376\377\213\250\213\272}{}% 23
\BOOKMARK [2][-]{subsection.6.1}{\376\377\145\160\143\156\122\006\221\115\116\016\217\307\142\337\124\010\000/\153\040\142\337\124\010\166\204\147\103\210\141}{section.6}% 24
\BOOKMARK [2][-]{subsection.6.2}{\376\377\230\204\173\227\133\371\237\120\060\001\176\337\213\241\131\015\165\050\116\016\123\357\211\343\221\312\116\343\164\006}{section.6}% 25
\BOOKMARK [2][-]{subsection.6.3}{\376\377\134\100\226\120\140\047\116\016\147\052\147\145\145\271\124\021}{section.6}% 26
\BOOKMARK [1][-]{section.7}{\376\377\176\323\213\272}{}% 27
